[security-agency.sites.motocms.com/index.html]
[backblue.gif]
[fade.gif]
[index.html]
[security-agency.sites.motocms.com/res/5d0c84c197e07b0023a5e927/5d1df5a430120e00238cba57_optimized.png]
[security-agency.sites.motocms.com/sw.ef4589c10e95a79b2e129e2961fbe6c4.js]
[security-agency.sites.motocms.com/get]
[security-agency.sites.motocms.com/about-guardsman.html]
[security-agency.sites.motocms.com/security-services.html]
[security-agency.sites.motocms.com/careers.html]
[res2.weblium.site/common/core.min.js]
[security-agency.sites.motocms.com/contacts.html]
[res2.weblium.site/site/657199de117d88000fb8f0e1/initial.js]
[res2.weblium.site/site/657199de117d88000fb8f0e1/page-5c2dfa623dbc4a0023e12261.js]
[res2.weblium.site/site/657199de117d88000fb8f0e1/view-5c2dfa623dbc4a0023e12261.js]
[res2.weblium.site/site/657199de117d88000fb8f0e1/main.js]
[wl-apps.yourwebsite.life/contact-form/2.1.293/components/ContactForm/view.js]
[security-agency.sites.motocms.com/index.html]
[security-agency.sites.motocms.com/get.html]
[res2.weblium.site/site/657199de117d88000fb8f0e1/google-fonts-5c2dfa623dbc4a0023e12261.css]
[res2.weblium.site/site/657199de117d88000fb8f0e1/core-theme-5c2dfa623dbc4a0023e12261.css]
[res2.weblium.site/site/657199de117d88000fb8f0e1/stylead01.css]
[wl-apps.yourwebsite.life/contact-form/2.1.293/components/ContactForm/ssr.css]
[www.googletagmanager.com/gtm5445.html]
[security-agency.sites.motocms.com/editor/static/site-stat.js]
[res2.weblium.site/res/weblium/58d4a2b7554ba100019b68bb_optimized_1396.jpg]
[res2.weblium.site/site/657199de117d88000fb8f0e1/page-5d0ca420a48fa8002304d187.js]
[res2.weblium.site/site/657199de117d88000fb8f0e1/view-5d0ca420a48fa8002304d187.js]
[security-agency.sites.motocms.com/about-guardsman.html]
[res2.weblium.site/site/657199de117d88000fb8f0e1/page-5d0ca3f3a48fa8002304d17b.js]
[res2.weblium.site/site/657199de117d88000fb8f0e1/view-5d0ca3f3a48fa8002304d17b.js]
[security-agency.sites.motocms.com/security-services.html]
[res2.weblium.site/res/weblium/58d4a2e8c50d470001caacc5_optimized_1221_c1221x1064-0x0.jpg]
[res2.weblium.site/site/657199de117d88000fb8f0e1/page-5d0ca410a48fa8002304d180.js]
[res2.weblium.site/site/657199de117d88000fb8f0e1/view-5d0ca410a48fa8002304d180.js]
[security-agency.sites.motocms.com/careers.html]
[res2.weblium.site/site/657199de117d88000fb8f0e1/page-5d0ca3e6a48fa8002304d178.js]
[res2.weblium.site/site/657199de117d88000fb8f0e1/view-5d0ca3e6a48fa8002304d178.js]
[security-agency.sites.motocms.com/contacts.html]
[res2.weblium.site/site/657199de117d88000fb8f0e1/google-fonts-5d0ca420a48fa8002304d187.css]
[res2.weblium.site/site/657199de117d88000fb8f0e1/styleb132.css]
[res2.weblium.site/site/657199de117d88000fb8f0e1/style24b3.css]
[res2.weblium.site/site/657199de117d88000fb8f0e1/core-theme-5d0ca410a48fa8002304d180.css]
[res2.weblium.site/site/657199de117d88000fb8f0e1/style540c.css]
[res2.weblium.site/site/657199de117d88000fb8f0e1/google-fonts-5d0ca3e6a48fa8002304d178.css]
[res2.weblium.site/site/657199de117d88000fb8f0e1/core-theme-5d0ca3e6a48fa8002304d178.css]
[res2.weblium.site/site/657199de117d88000fb8f0e1/styleb0cb.css]
[res2.weblium.site/site/657199de117d88000fb8f0e1/core-theme-5d0ca420a48fa8002304d187.css]
[res2.weblium.site/site/657199de117d88000fb8f0e1/google-fonts-5d0ca3f3a48fa8002304d17b.css]
[res2.weblium.site/site/657199de117d88000fb8f0e1/core-theme-5d0ca3f3a48fa8002304d17b.css]
[res2.weblium.site/site/657199de117d88000fb8f0e1/google-fonts-5d0ca410a48fa8002304d180.css]
